0 silly argv {
0 silly argv   _: [ 'bootstrap' ],
0 silly argv   lernaVersion: '6.0.1',
0 silly argv   '$0': '/opt/homebrew/bin/lerna'
0 silly argv }
1 notice cli v6.0.1
2 verbose rootPath /Users/divinehycenth/Documents/nature-ui/nature-ui
3 info versioning independent
4 silly npmConfig {
4 silly npmConfig   registry: 'http://localhost:4873',
4 silly npmConfig   npmClient: 'yarn',
4 silly npmConfig   npmClientArgs: [],
4 silly npmConfig   mutex: 'network:42424'
4 silly npmConfig }
5 error Error: Unsupported URL Type "workspace:": workspace:*
5 error     at unsupportedURLType (/Users/divinehycenth/Documents/nature-ui/nature-ui/node_modules/.pnpm/registry.npmjs.org+npm-package-arg@8.1.1/node_modules/npm-package-arg/npa.js:203:15)
5 error     at fromURL (/Users/divinehycenth/Documents/nature-ui/nature-ui/node_modules/.pnpm/registry.npmjs.org+npm-package-arg@8.1.1/node_modules/npm-package-arg/npa.js:261:13)
5 error     at Function.resolve (/Users/divinehycenth/Documents/nature-ui/nature-ui/node_modules/.pnpm/registry.npmjs.org+npm-package-arg@8.1.1/node_modules/npm-package-arg/npa.js:80:12)
5 error     at /Users/divinehycenth/Documents/nature-ui/nature-ui/node_modules/.pnpm/registry.npmjs.org+@lerna+bootstrap@6.0.1/node_modules/@lerna/bootstrap/index.js:255:13
5 error     at Array.some (<anonymous>)
5 error     at BootstrapCommand.rootHasLocalFileDependencies (/Users/divinehycenth/Documents/nature-ui/nature-ui/node_modules/.pnpm/registry.npmjs.org+@lerna+bootstrap@6.0.1/node_modules/@lerna/bootstrap/index.js:252:42)
5 error     at BootstrapCommand.execute (/Users/divinehycenth/Documents/nature-ui/nature-ui/node_modules/.pnpm/registry.npmjs.org+@lerna+bootstrap@6.0.1/node_modules/@lerna/bootstrap/index.js:187:44)
5 error     at /Users/divinehycenth/Documents/nature-ui/nature-ui/node_modules/.pnpm/registry.npmjs.org+@lerna+command@6.0.1/node_modules/@lerna/command/index.js:291:23
